2017-03-27 13:49:46 +08:00 [INFO] - Completed configuration initialization!
2017-03-27 13:49:46 +08:00 [INFO] - TCP-lag server started listening at '0.0.0.0:17385'...
2017-03-27 14:08:03 +08:00 [INFO] - Completed configuration initialization!
2017-03-27 14:08:03 +08:00 [INFO] - TCP-lag server started listening at '0.0.0.0:17385'...
2017-03-27 14:08:46 +08:00 [INFO] - Completed configuration initialization!
2017-03-27 14:08:46 +08:00 [INFO] - Directory to read from: "."
2017-03-27 14:08:46 +08:00 [INFO] - TCP-lag server started listening at '0.0.0.0:17385'...
2017-03-27 14:12:12 +08:00 [INFO] - Completed configuration initialization!
2017-03-27 14:12:12 +08:00 [INFO] - Directory to read from: "."
2017-03-27 14:12:12 +08:00 [INFO] - TCP-lag server started listening at "0.0.0.0:17385"...
2017-03-27 14:13:14 +08:00 [INFO] - Completed configuration initialization!
2017-03-27 14:13:14 +08:00 [INFO] - Directory to read from: "."
2017-03-27 14:13:14 +08:00 [INFO] - TCP-lag server started listening at "0.0.0.0:17385"...
2017-03-27 14:14:31 +08:00 [INFO] - Completed configuration initialization!
2017-03-27 14:14:31 +08:00 [INFO] - Directory to read from: "."
2017-03-27 14:14:31 +08:00 [INFO] - TCP-lag server started listening at "0.0.0.0:17385"...
2017-03-27 14:16:08 +08:00 [INFO] - Completed configuration initialization!
2017-03-27 14:16:08 +08:00 [INFO] - Directory to read from: "."
2017-03-27 14:16:08 +08:00 [INFO] - TCP-lag server started listening at "0.0.0.0:17385"...
2017-03-27 14:19:10 +08:00 [INFO] - Completed configuration initialization!
2017-03-27 14:19:10 +08:00 [INFO] - Directory to read from: "."
2017-03-27 14:19:10 +08:00 [INFO] - TCP-lag server started listening at "0.0.0.0:17385"...
2017-03-27 14:19:13 +08:00 [INFO] - Stream connected!
2017-03-27 14:19:23 +08:00 [INFO] - Stream connected!
2017-03-27 14:20:52 +08:00 [INFO] - Completed configuration initialization!
2017-03-27 14:20:52 +08:00 [INFO] - Directory to read from: "."
2017-03-27 14:20:52 +08:00 [INFO] - TCP-lag server started listening at "0.0.0.0:17385"...
2017-03-27 14:20:58 +08:00 [INFO] - Stream connected, waiting client to send the handshake preamble...
2017-03-27 14:20:58 +08:00 [ERROR] - Invalid handshaking preamble, found: haha

2017-03-27 14:21:03 +08:00 [INFO] - Stream connected, waiting client to send the handshake preamble...
2017-03-27 14:21:03 +08:00 [ERROR] - Invalid handshaking preamble, found: haha

2017-03-27 14:21:22 +08:00 [INFO] - Completed configuration initialization!
2017-03-27 14:21:22 +08:00 [INFO] - Directory to read from: "."
2017-03-27 14:21:22 +08:00 [INFO] - TCP-lag server started listening at "0.0.0.0:17385"...
2017-03-27 14:21:29 +08:00 [INFO] - Stream connected, waiting client to send the handshake preamble...
2017-03-27 14:21:29 +08:00 [ERROR] - Invalid handshaking preamble, found: tcp-lag

2017-03-27 14:21:43 +08:00 [INFO] - Completed configuration initialization!
2017-03-27 14:21:43 +08:00 [INFO] - Directory to read from: "."
2017-03-27 14:21:43 +08:00 [INFO] - TCP-lag server started listening at "0.0.0.0:17385"...
2017-03-27 14:21:49 +08:00 [INFO] - Stream connected, waiting client to send the handshake preamble...
2017-03-27 14:21:49 +08:00 [ERROR] - Invalid handshaking preamble, found: TCP-LAG

2017-03-27 14:23:00 +08:00 [INFO] - Completed configuration initialization!
2017-03-27 14:23:00 +08:00 [INFO] - Directory to read from: "."
2017-03-27 14:23:00 +08:00 [INFO] - TCP-lag server started listening at "0.0.0.0:17385"...
2017-03-27 14:23:03 +08:00 [INFO] - Stream connected, waiting client to send the handshake preamble...
2017-03-27 14:23:03 +08:00 [INFO] - Found the handshaking preamble!
2017-03-27 14:23:06 +08:00 [INFO] - Completed configuration initialization!
2017-03-27 14:23:06 +08:00 [INFO] - Directory to read from: "."
2017-03-27 14:23:06 +08:00 [INFO] - TCP-lag server started listening at "0.0.0.0:17385"...
2017-03-27 14:23:09 +08:00 [INFO] - Stream connected, waiting client to send the handshake preamble...
2017-03-27 14:23:09 +08:00 [ERROR] - Invalid handshaking preamble, found: tcp-lag
2017-03-27 14:23:11 +08:00 [INFO] - Stream connected, waiting client to send the handshake preamble...
2017-03-27 14:23:11 +08:00 [ERROR] - Invalid handshaking preamble, found: tcp-lag
2017-03-27 14:23:11 +08:00 [INFO] - Stream connected, waiting client to send the handshake preamble...
2017-03-27 14:23:11 +08:00 [ERROR] - Invalid handshaking preamble, found: tcp-lag
2017-03-27 14:23:12 +08:00 [INFO] - Stream connected, waiting client to send the handshake preamble...
2017-03-27 14:23:12 +08:00 [ERROR] - Invalid handshaking preamble, found: tcp-lag
2017-03-27 14:23:12 +08:00 [INFO] - Stream connected, waiting client to send the handshake preamble...
2017-03-27 14:23:12 +08:00 [ERROR] - Invalid handshaking preamble, found: tcp-lag
2017-03-27 14:23:12 +08:00 [INFO] - Stream connected, waiting client to send the handshake preamble...
2017-03-27 14:23:12 +08:00 [ERROR] - Invalid handshaking preamble, found: tcp-lag
2017-03-27 14:23:12 +08:00 [INFO] - Stream connected, waiting client to send the handshake preamble...
2017-03-27 14:23:12 +08:00 [ERROR] - Invalid handshaking preamble, found: tcp-lag
2017-03-27 14:23:12 +08:00 [INFO] - Stream connected, waiting client to send the handshake preamble...
2017-03-27 14:23:12 +08:00 [ERROR] - Invalid handshaking preamble, found: tcp-lag
2017-03-27 14:23:12 +08:00 [INFO] - Stream connected, waiting client to send the handshake preamble...
2017-03-27 14:23:12 +08:00 [ERROR] - Invalid handshaking preamble, found: tcp-lag
2017-03-27 14:23:19 +08:00 [INFO] - Stream connected, waiting client to send the handshake preamble...
2017-03-27 14:23:19 +08:00 [INFO] - Found the handshaking preamble!
